[0.204s] DEBUG:colcon:Command line arguments: ['/usr/bin/colcon', 'build']
[0.204s] DEBUG:colcon:Parsed command line arguments: Namespace(log_base=None, log_level=None, verb_name='build', build_base='build', install_base='install', merge_install=False, symlink_install=False, test_result_base=None, continue_on_error=False, executor='parallel', parallel_workers=16, event_handlers=None, ignore_user_meta=False, metas=['./colcon.meta'], base_paths=['.'], packages_ignore=None, packages_ignore_regex=None, paths=None, packages_up_to=None, packages_up_to_regex=None, packages_above=None, packages_above_and_dependencies=None, packages_above_depth=None, packages_select_by_dep=None, packages_skip_by_dep=None, packages_skip_up_to=None, packages_select_build_failed=False, packages_skip_build_finished=False, packages_select_test_failures=False, packages_skip_test_passed=False, packages_select=None, packages_skip=None, packages_select_regex=None, packages_skip_regex=None, packages_start=None, packages_end=None, allow_overriding=[], cmake_args=None, cmake_target=None, cmake_target_skip_unavailable=False, cmake_clean_cache=False, cmake_clean_first=False, cmake_force_configure=False, ament_cmake_args=None, catkin_cmake_args=None, catkin_skip_building_tests=False, mixin_files=None, mixin=None, verb_parser=<colcon_mixin.mixin.mixin_argument.MixinArgumentDecorator object at 0x7c44b9c67880>, verb_extension=<colcon_core.verb.build.BuildVerb object at 0x7c44b9c190c0>, main=<bound method BuildVerb.main of <colcon_core.verb.build.BuildVerb object at 0x7c44b9c190c0>>, mixin_verb=('build',))
[0.537s] Level 1:colcon.colcon_core.package_discovery:discover_packages(colcon_meta) check parameters
[0.537s] Level 1:colcon.colcon_core.package_discovery:discover_packages(recursive) check parameters
[0.537s] Level 1:colcon.colcon_core.package_discovery:discover_packages(ignore) check parameters
[0.537s] Level 1:colcon.colcon_core.package_discovery:discover_packages(path) check parameters
[0.537s] Level 1:colcon.colcon_core.package_discovery:discover_packages(colcon_meta) discover
[0.537s] Level 1:colcon.colcon_core.package_discovery:discover_packages(recursive) discover
[0.537s] INFO:colcon.colcon_core.package_discovery:Crawling recursively for packages in '/home/panasonic/clip_proj/lebai_gripper_ros'
[0.537s] Level 1:colcon.colcon_core.package_identification:_identify(.) by extensions ['ignore', 'ignore_ament_install']
[0.537s] Level 1:colcon.colcon_core.package_identification:_identify(.) by extension 'ignore'
[0.538s] Level 1:colcon.colcon_core.package_identification:_identify(.) by extension 'ignore_ament_install'
[0.538s] Level 1:colcon.colcon_core.package_identification:_identify(.) by extensions ['colcon_pkg']
[0.538s] Level 1:colcon.colcon_core.package_identification:_identify(.) by extension 'colcon_pkg'
[0.538s] Level 1:colcon.colcon_core.package_identification:_identify(.) by extensions ['colcon_meta']
[0.538s] Level 1:colcon.colcon_core.package_identification:_identify(.) by extension 'colcon_meta'
[0.538s] Level 1:colcon.colcon_core.package_identification:_identify(.) by extensions ['ros']
[0.538s] Level 1:colcon.colcon_core.package_identification:_identify(.) by extension 'ros'
[0.566s] DEBUG:colcon.colcon_core.package_identification:Package '.' with type 'ros.ament_python' and name 'lebai_gripper_ros'
[0.566s] Level 1:colcon.colcon_core.package_discovery:discover_packages(recursive) using defaults
[0.566s] Level 1:colcon.colcon_core.package_discovery:discover_packages(ignore) discover
[0.566s] Level 1:colcon.colcon_core.package_discovery:discover_packages(ignore) using defaults
[0.566s] Level 1:colcon.colcon_core.package_discovery:discover_packages(path) discover
[0.566s] Level 1:colcon.colcon_core.package_discovery:discover_packages(path) using defaults
[0.593s] Level 1:colcon.colcon_core.package_discovery:discover_packages(prefix_path) check parameters
[0.593s] Level 1:colcon.colcon_core.package_discovery:discover_packages(prefix_path) discover
[0.596s] DEBUG:colcon.colcon_installed_package_information.package_discovery:Found 1 installed packages in /home/panasonic/clip_proj/lebai_gripper_ros/install
[0.598s] DEBUG:colcon.colcon_installed_package_information.package_discovery:Found 338 installed packages in /opt/ros/humble
[0.601s] Level 1:colcon.colcon_core.package_discovery:discover_packages(prefix_path) using defaults
[0.669s] Level 5:colcon.colcon_core.verb:set package 'lebai_gripper_ros' build argument 'cmake_args' from command line to 'None'
[0.669s] Level 5:colcon.colcon_core.verb:set package 'lebai_gripper_ros' build argument 'cmake_target' from command line to 'None'
[0.669s] Level 5:colcon.colcon_core.verb:set package 'lebai_gripper_ros' build argument 'cmake_target_skip_unavailable' from command line to 'False'
[0.669s] Level 5:colcon.colcon_core.verb:set package 'lebai_gripper_ros' build argument 'cmake_clean_cache' from command line to 'False'
[0.669s] Level 5:colcon.colcon_core.verb:set package 'lebai_gripper_ros' build argument 'cmake_clean_first' from command line to 'False'
[0.669s] Level 5:colcon.colcon_core.verb:set package 'lebai_gripper_ros' build argument 'cmake_force_configure' from command line to 'False'
[0.669s] Level 5:colcon.colcon_core.verb:set package 'lebai_gripper_ros' build argument 'ament_cmake_args' from command line to 'None'
[0.669s] Level 5:colcon.colcon_core.verb:set package 'lebai_gripper_ros' build argument 'catkin_cmake_args' from command line to 'None'
[0.669s] Level 5:colcon.colcon_core.verb:set package 'lebai_gripper_ros' build argument 'catkin_skip_building_tests' from command line to 'False'
[0.669s] DEBUG:colcon.colcon_core.verb:Building package 'lebai_gripper_ros' with the following arguments: {'ament_cmake_args': None, 'build_base': '/home/panasonic/clip_proj/lebai_gripper_ros/build/lebai_gripper_ros', 'catkin_cmake_args': None, 'catkin_skip_building_tests': False, 'cmake_args': None, 'cmake_clean_cache': False, 'cmake_clean_first': False, 'cmake_force_configure': False, 'cmake_target': None, 'cmake_target_skip_unavailable': False, 'install_base': '/home/panasonic/clip_proj/lebai_gripper_ros/install/lebai_gripper_ros', 'merge_install': False, 'path': '/home/panasonic/clip_proj/lebai_gripper_ros', 'symlink_install': False, 'test_result_base': None}
[0.670s] INFO:colcon.colcon_core.executor:Executing jobs using 'parallel' executor
[0.671s] DEBUG:colcon.colcon_parallel_executor.executor.parallel:run_until_complete
[0.671s] INFO:colcon.colcon_ros.task.ament_python.build:Building ROS package in '/home/panasonic/clip_proj/lebai_gripper_ros' with build type 'ament_python'
[0.671s] Level 1:colcon.colcon_core.shell:create_environment_hook('lebai_gripper_ros', 'ament_prefix_path')
[0.674s] INFO:colcon.colcon_core.plugin_system:Skipping extension 'colcon_core.shell.bat': Not used on non-Windows systems
[0.674s] INFO:colcon.colcon_core.shell:Creating environment hook '/home/panasonic/clip_proj/lebai_gripper_ros/install/lebai_gripper_ros/share/lebai_gripper_ros/hook/ament_prefix_path.ps1'
[0.675s] INFO:colcon.colcon_core.shell:Creating environment descriptor '/home/panasonic/clip_proj/lebai_gripper_ros/install/lebai_gripper_ros/share/lebai_gripper_ros/hook/ament_prefix_path.dsv'
[0.676s] INFO:colcon.colcon_core.shell:Creating environment hook '/home/panasonic/clip_proj/lebai_gripper_ros/install/lebai_gripper_ros/share/lebai_gripper_ros/hook/ament_prefix_path.sh'
[0.677s] INFO:colcon.colcon_core.shell:Skip shell extension 'powershell' for command environment: Not usable outside of PowerShell
[0.677s] DEBUG:colcon.colcon_core.shell:Skip shell extension 'dsv' for command environment
[1.152s] INFO:colcon.colcon_core.task.python.build:Building Python package in '/home/panasonic/clip_proj/lebai_gripper_ros'
[1.152s] INFO:colcon.colcon_core.shell:Skip shell extension 'powershell' for command environment: Not usable outside of PowerShell
[1.152s] DEBUG:colcon.colcon_core.shell:Skip shell extension 'dsv' for command environment
[1.757s] DEBUG:colcon.colcon_core.event_handler.log_command:Invoking command in '/home/panasonic/clip_proj/lebai_gripper_ros': PYTHONPATH=/home/panasonic/clip_proj/lebai_gripper_ros/build/lebai_gripper_ros/prefix_override:/usr/lib/python3/dist-packages/colcon_core/task/python/colcon_distutils_commands:/home/panasonic/clip_proj/lebai_gripper_ros/install/lebai_gripper_ros/lib/python3.10/site-packages:${PYTHONPATH} /usr/bin/python3 -W ignore:setup.py install is deprecated -W ignore:easy_install command is deprecated setup.py egg_info --egg-base build/lebai_gripper_ros build --build-base /home/panasonic/clip_proj/lebai_gripper_ros/build/lebai_gripper_ros/build install --record /home/panasonic/clip_proj/lebai_gripper_ros/build/lebai_gripper_ros/install.log --single-version-externally-managed install_data
[2.221s] DEBUG:colcon.colcon_core.event_handler.log_command:Invoked command in '/home/panasonic/clip_proj/lebai_gripper_ros' returned '0': PYTHONPATH=/home/panasonic/clip_proj/lebai_gripper_ros/build/lebai_gripper_ros/prefix_override:/usr/lib/python3/dist-packages/colcon_core/task/python/colcon_distutils_commands:/home/panasonic/clip_proj/lebai_gripper_ros/install/lebai_gripper_ros/lib/python3.10/site-packages:${PYTHONPATH} /usr/bin/python3 -W ignore:setup.py install is deprecated -W ignore:easy_install command is deprecated setup.py egg_info --egg-base build/lebai_gripper_ros build --build-base /home/panasonic/clip_proj/lebai_gripper_ros/build/lebai_gripper_ros/build install --record /home/panasonic/clip_proj/lebai_gripper_ros/build/lebai_gripper_ros/install.log --single-version-externally-managed install_data
[2.227s] Level 1:colcon.colcon_core.environment:checking '/home/panasonic/clip_proj/lebai_gripper_ros/install/lebai_gripper_ros' for CMake module files
[2.228s] Level 1:colcon.colcon_core.environment:checking '/home/panasonic/clip_proj/lebai_gripper_ros/install/lebai_gripper_ros' for CMake config files
[2.230s] Level 1:colcon.colcon_core.environment:checking '/home/panasonic/clip_proj/lebai_gripper_ros/install/lebai_gripper_ros/lib'
[2.230s] Level 1:colcon.colcon_core.environment:checking '/home/panasonic/clip_proj/lebai_gripper_ros/install/lebai_gripper_ros/bin'
[2.231s] Level 1:colcon.colcon_core.environment:checking '/home/panasonic/clip_proj/lebai_gripper_ros/install/lebai_gripper_ros/lib/pkgconfig/lebai_gripper_ros.pc'
[2.231s] Level 1:colcon.colcon_core.environment:checking '/home/panasonic/clip_proj/lebai_gripper_ros/install/lebai_gripper_ros/lib/python3.10/site-packages'
[2.232s] Level 1:colcon.colcon_core.shell:create_environment_hook('lebai_gripper_ros', 'pythonpath')
[2.232s] INFO:colcon.colcon_core.shell:Creating environment hook '/home/panasonic/clip_proj/lebai_gripper_ros/install/lebai_gripper_ros/share/lebai_gripper_ros/hook/pythonpath.ps1'
[2.233s] INFO:colcon.colcon_core.shell:Creating environment descriptor '/home/panasonic/clip_proj/lebai_gripper_ros/install/lebai_gripper_ros/share/lebai_gripper_ros/hook/pythonpath.dsv'
[2.234s] INFO:colcon.colcon_core.shell:Creating environment hook '/home/panasonic/clip_proj/lebai_gripper_ros/install/lebai_gripper_ros/share/lebai_gripper_ros/hook/pythonpath.sh'
[2.236s] Level 1:colcon.colcon_core.environment:checking '/home/panasonic/clip_proj/lebai_gripper_ros/install/lebai_gripper_ros/bin'
[2.236s] Level 1:colcon.colcon_core.environment:create_environment_scripts_only(lebai_gripper_ros)
[2.237s] INFO:colcon.colcon_core.shell:Creating package script '/home/panasonic/clip_proj/lebai_gripper_ros/install/lebai_gripper_ros/share/lebai_gripper_ros/package.ps1'
[2.239s] INFO:colcon.colcon_core.shell:Creating package descriptor '/home/panasonic/clip_proj/lebai_gripper_ros/install/lebai_gripper_ros/share/lebai_gripper_ros/package.dsv'
[2.241s] INFO:colcon.colcon_core.shell:Creating package script '/home/panasonic/clip_proj/lebai_gripper_ros/install/lebai_gripper_ros/share/lebai_gripper_ros/package.sh'
[2.243s] INFO:colcon.colcon_core.shell:Creating package script '/home/panasonic/clip_proj/lebai_gripper_ros/install/lebai_gripper_ros/share/lebai_gripper_ros/package.bash'
[2.245s] INFO:colcon.colcon_core.shell:Creating package script '/home/panasonic/clip_proj/lebai_gripper_ros/install/lebai_gripper_ros/share/lebai_gripper_ros/package.zsh'
[2.247s] Level 1:colcon.colcon_core.environment:create_file_with_runtime_dependencies(/home/panasonic/clip_proj/lebai_gripper_ros/install/lebai_gripper_ros/share/colcon-core/packages/lebai_gripper_ros)
[2.248s] DEBUG:colcon.colcon_parallel_executor.executor.parallel:closing loop
[2.249s] DEBUG:colcon.colcon_parallel_executor.executor.parallel:loop closed
[2.249s] DEBUG:colcon.colcon_parallel_executor.executor.parallel:run_until_complete finished with '0'
[2.249s] DEBUG:colcon.colcon_core.event_reactor:joining thread
[2.256s] INFO:colcon.colcon_core.plugin_system:Skipping extension 'colcon_notification.desktop_notification.terminal_notifier': Not used on non-Darwin systems
[2.256s] INFO:colcon.colcon_core.plugin_system:Skipping extension 'colcon_notification.desktop_notification.win32': Not used on non-Windows systems
[2.256s] INFO:colcon.colcon_notification.desktop_notification:Sending desktop notification using 'notify2'
[2.282s] DEBUG:colcon.colcon_core.event_reactor:joined thread
[2.282s] INFO:colcon.colcon_core.shell:Creating prefix script '/home/panasonic/clip_proj/lebai_gripper_ros/install/local_setup.ps1'
[2.285s] INFO:colcon.colcon_core.shell:Creating prefix util module '/home/panasonic/clip_proj/lebai_gripper_ros/install/_local_setup_util_ps1.py'
[2.289s] INFO:colcon.colcon_core.shell:Creating prefix chain script '/home/panasonic/clip_proj/lebai_gripper_ros/install/setup.ps1'
[2.292s] INFO:colcon.colcon_core.shell:Creating prefix script '/home/panasonic/clip_proj/lebai_gripper_ros/install/local_setup.sh'
[2.294s] INFO:colcon.colcon_core.shell:Creating prefix util module '/home/panasonic/clip_proj/lebai_gripper_ros/install/_local_setup_util_sh.py'
[2.296s] INFO:colcon.colcon_core.shell:Creating prefix chain script '/home/panasonic/clip_proj/lebai_gripper_ros/install/setup.sh'
[2.298s] INFO:colcon.colcon_core.shell:Creating prefix script '/home/panasonic/clip_proj/lebai_gripper_ros/install/local_setup.bash'
[2.300s] INFO:colcon.colcon_core.shell:Creating prefix chain script '/home/panasonic/clip_proj/lebai_gripper_ros/install/setup.bash'
[2.303s] INFO:colcon.colcon_core.shell:Creating prefix script '/home/panasonic/clip_proj/lebai_gripper_ros/install/local_setup.zsh'
[2.304s] INFO:colcon.colcon_core.shell:Creating prefix chain script '/home/panasonic/clip_proj/lebai_gripper_ros/install/setup.zsh'
